<?xml version="1.0" encoding="UTF-8"?>
<!-- Generated by org.testng.reporters.JUnitXMLReporter -->
<testsuite ignored="1" hostname="IB-SEZ-LAP-714" failures="0" tests="1" name="Default test" time="23.606" errors="0" timestamp="2024-11-19T01:24:03 IST">
  <testcase classname="TestFolder.StandAloneTest" name="endToEndTest" time="15.314"/>
  <testcase classname="TestFolder.StandAloneTest" name="orderHistoryTest" time="0.0">
    <ignored/>
  </testcase> <!-- orderHistoryTest -->
</testsuite> <!-- Default test -->
