<?xml version="1.0" encoding="UTF-8"?>
<!-- Generated by org.testng.reporters.JUnitXMLReporter -->
<testsuite ignored="0" hostname="IB-SEZ-LAP-714" failures="0" tests="2" name="Error Validation Test" time="17.568" errors="0" timestamp="2024-11-11T23:34:40 IST">
  <testcase classname="TestFolder.ErrorValidationTest" name="loginErrorValiadtionTest" time="1.577"/>
  <testcase classname="TestFolder.ErrorValidationTest" name="productErrorvalidationTest" time="2.577"/>
</testsuite> <!-- Error Validation Test -->
