<?xml version="1.0" encoding="UTF-8"?>
<!-- Generated by org.testng.reporters.JUnitXMLReporter -->
<testsuite ignored="0" hostname="IB-SEZ-LAP-714" failures="0" tests="3" name="Miscellenous Test" time="25.783" errors="0" timestamp="2024-11-11T15:39:30 IST">
  <testcase classname="TestFolder.Test1" name="checkTheLocators" time="7.391"/>
  <testcase classname="TestFolder.Test1" name="foundThePassword" time="4.493"/>
  <testcase classname="TestFolder.Test1" name="openGoogleTest" time="1.967"/>
</testsuite> <!-- Miscellenous Test -->
