<?xml version="1.0" encoding="UTF-8"?>
<!-- Generated by org.testng.reporters.JUnitXMLReporter -->
<testsuite ignored="0" hostname="IB-SEZ-LAP-714" failures="0" tests="2" name="Stand Alone Test with data provider" time="29.892" errors="0" timestamp="2024-11-10T18:37:18 IST">
  <testcase classname="TestFolder.StandAloneTestWithDataProvider" name="endToEndTestWithDataProvider" time="15.745"/>
  <testcase classname="TestFolder.StandAloneTestWithDataProvider" name="endToEndTestWithDataProvider" time="4.316"/>
</testsuite> <!-- Stand Alone Test with data provider -->
