<?xml version="1.0" encoding="UTF-8"?>
<!-- Generated by org.testng.reporters.JUnitXMLReporter -->
<testsuite ignored="0" hostname="IB-SEZ-LAP-714" failures="1" tests="16" name="Test" time="192.74" errors="0" timestamp="2024-11-12T01:44:12 IST">
  <testcase classname="TestFolder.SubmitOrderExcelTest" name="endToEndTestWithDataProvider" time="16.265"/>
  <testcase classname="TestFolder.SubmitOrderExcelTest" name="endToEndTestWithDataProvider" time="4.328"/>
  <testcase classname="TestFolder.StandAloneTest" name="endToEndTest" time="15.23"/>
  <testcase classname="TestFolder.StandAloneTest" name="orderHistoryTest" time="15.51"/>
  <testcase classname="TestFolder.Test1" name="checkTheLocators" time="6.393"/>
  <testcase classname="TestFolder.Test1" name="foundThePassword" time="4.498"/>
  <testcase classname="TestFolder.Test1" name="openGoogleTest" time="1.9"/>
  <testcase classname="TestFolder.ErrorValidationTest" name="loginErrorValiadtionTest" time="0.573"/>
  <testcase classname="TestFolder.ErrorValidationTest" name="productErrorvalidationTest" time="14.088"/>
  <testcase classname="TestFolder.StandAloneTestWitrhHashMapData" name="endToEndTestWithHashMapData" time="15.554"/>
  <testcase classname="TestFolder.StandAloneTestWitrhHashMapData" name="endToEndTestWithHashMapData" time="15.447"/>
  <testcase classname="TestFolder.StandAloneTestWithDataProvider" name="endToEndTestWithDataProvider" time="15.146"/>
  <testcase classname="TestFolder.StandAloneTestWithDataProvider" name="endToEndTestWithDataProvider" time="15.536"/>
  <testcase classname="TestFolder.ExcelExampleTest" name="testUsingExcel" time="0.005"/>
  <testcase classname="TestFolder.ExcelExampleTest" name="testUsingExcel" time="0.004"/>
  <testcase classname="TestFolder.ExcelExampleTest" name="testUsingExcel" time="0.003"/>
</testsuite> <!-- Test -->
