<?xml version="1.0" encoding="UTF-8"?>
<!-- Generated by org.testng.reporters.JUnitXMLReporter -->
<testsuite ignored="0" hostname="IB-SEZ-LAP-714" failures="0" tests="2" name="Error Validation Test" time="24.593" errors="0" timestamp="2024-11-11T17:32:25 IST">
  <testcase classname="TestFolder.ErrorValidationTest" name="loginErrorValiadtionTest" time="0.453"/>
  <testcase classname="TestFolder.ErrorValidationTest" name="productErrorvalidationTest" time="13.473"/>
</testsuite> <!-- Error Validation Test -->
