<?xml version="1.0" encoding="UTF-8"?>
<!-- Generated by org.testng.reporters.JUnitXMLReporter -->
<testsuite ignored="0" hostname="IB-SEZ-LAP-714" failures="0" tests="2" name="Error Validation Test" time="32.543" errors="0" timestamp="2024-11-11T21:54:44 IST">
  <testcase classname="TestFolder.ErrorValidationTest" name="loginErrorValiadtionTest" time="0.554"/>
  <testcase classname="TestFolder.ErrorValidationTest" name="productErrorvalidationTest" time="13.701"/>
</testsuite> <!-- Error Validation Test -->
