<?xml version="1.0" encoding="UTF-8"?>
<!-- Generated by org.testng.reporters.JUnitXMLReporter -->
<testsuite ignored="0" hostname="IB-SEZ-LAP-714" failures="1" tests="3" name="Miscellenous Test" time="19.982" errors="0" timestamp="2024-11-11T21:55:04 IST">
  <testcase classname="TestFolder.Test1" name="checkTheLocators" time="6.899"/>
  <testcase classname="TestFolder.Test1" name="foundThePassword" time="4.722">
    <failure type="java.lang.AssertionError" message="expected [Hello rahul,] but found []">
      <![CDATA[java.lang.AssertionError: expected [Hello rahul,] but found []
at TestFolder.Test1.foundThePassword(Test1.java:123)
at java.base/java.util.ArrayList.forEach(ArrayList.java:1511)
... Removed 37 stack frames]]>
    </failure>
  </testcase> <!-- foundThePassword -->
  <testcase classname="TestFolder.Test1" name="openGoogleTest" time="1.798"/>
</testsuite> <!-- Miscellenous Test -->
