<?xml version="1.0" encoding="UTF-8"?>
<testng-results ignored="0" total="4" passed="4" failed="0" skipped="0">
  <reporter-output>
  </reporter-output>
  <suite started-at="2024-11-19T01:20:10 IST" name="Suite" finished-at="2024-11-19T01:21:19 IST" duration-ms="69778">
    <groups>
    </groups>
    <test started-at="2024-11-19T01:20:10 IST" name="Stand Alone Test" finished-at="2024-11-19T01:20:53 IST" duration-ms="43509">
      <class name="TestFolder.StandAloneTest">
        <test-method is-config="true" signature="setUp()[pri:0, instance:TestFolder.StandAloneTest@2cf3d63b]" started-at="2024-11-19T01:20:10 IST" name="setUp" finished-at="2024-11-19T01:20:16 IST" duration-ms="6337" status="PASS">
          <reporter-output>
          </reporter-output>
        </test-method> <!-- setUp -->
        <test-method signature="endToEndTest()[pri:0, instance:TestFolder.StandAloneTest@2cf3d63b]" started-at="2024-11-19T01:20:16 IST" name="endToEndTest" finished-at="2024-11-19T01:20:31 IST" duration-ms="15251" status="PASS">
          <reporter-output>
          </reporter-output>
        </test-method> <!-- endToEndTest -->
        <test-method is-config="true" signature="tearDown()[pri:0, instance:TestFolder.StandAloneTest@2cf3d63b]" started-at="2024-11-19T01:20:31 IST" name="tearDown" finished-at="2024-11-19T01:20:32 IST" duration-ms="944" status="PASS">
          <reporter-output>
          </reporter-output>
        </test-method> <!-- tearDown -->
        <test-method is-config="true" signature="setUp()[pri:0, instance:TestFolder.StandAloneTest@2cf3d63b]" started-at="2024-11-19T01:20:32 IST" name="setUp" finished-at="2024-11-19T01:20:37 IST" duration-ms="4773" status="PASS">
          <reporter-output>
          </reporter-output>
        </test-method> <!-- setUp -->
        <test-method signature="orderHistoryTest()[pri:0, instance:TestFolder.StandAloneTest@2cf3d63b]" started-at="2024-11-19T01:20:37 IST" name="orderHistoryTest" finished-at="2024-11-19T01:20:52 IST" duration-ms="15257" status="PASS">
          <reporter-output>
          </reporter-output>
        </test-method> <!-- orderHistoryTest -->
        <test-method is-config="true" signature="tearDown()[pri:0, instance:TestFolder.StandAloneTest@2cf3d63b]" started-at="2024-11-19T01:20:52 IST" name="tearDown" finished-at="2024-11-19T01:20:53 IST" duration-ms="816" status="PASS">
          <reporter-output>
          </reporter-output>
        </test-method> <!-- tearDown -->
      </class> <!-- TestFolder.StandAloneTest -->
    </test> <!-- Stand Alone Test -->
    <test started-at="2024-11-19T01:20:53 IST" name="Error Validation Test" finished-at="2024-11-19T01:21:19 IST" duration-ms="26241">
      <class name="TestFolder.ErrorValidationTest">
        <test-method is-config="true" signature="setUp()[pri:0, instance:TestFolder.ErrorValidationTest@43df23d3]" started-at="2024-11-19T01:20:53 IST" name="setUp" finished-at="2024-11-19T01:20:58 IST" duration-ms="5098" status="PASS">
          <reporter-output>
          </reporter-output>
        </test-method> <!-- setUp -->
        <test-method signature="loginErrorValiadtionTest()[pri:0, instance:TestFolder.ErrorValidationTest@43df23d3]" started-at="2024-11-19T01:20:58 IST" name="loginErrorValiadtionTest" finished-at="2024-11-19T01:20:59 IST" duration-ms="364" status="PASS">
          <reporter-output>
          </reporter-output>
        </test-method> <!-- loginErrorValiadtionTest -->
        <test-method is-config="true" signature="tearDown()[pri:0, instance:TestFolder.ErrorValidationTest@43df23d3]" started-at="2024-11-19T01:20:59 IST" name="tearDown" finished-at="2024-11-19T01:20:59 IST" duration-ms="881" status="PASS">
          <reporter-output>
          </reporter-output>
        </test-method> <!-- tearDown -->
        <test-method is-config="true" signature="setUp()[pri:0, instance:TestFolder.ErrorValidationTest@43df23d3]" started-at="2024-11-19T01:20:59 IST" name="setUp" finished-at="2024-11-19T01:21:05 IST" duration-ms="5649" status="PASS">
          <reporter-output>
          </reporter-output>
        </test-method> <!-- setUp -->
        <test-method signature="productErrorvalidationTest()[pri:0, instance:TestFolder.ErrorValidationTest@43df23d3]" started-at="2024-11-19T01:21:05 IST" name="productErrorvalidationTest" finished-at="2024-11-19T01:21:18 IST" duration-ms="13408" status="PASS">
          <reporter-output>
          </reporter-output>
        </test-method> <!-- productErrorvalidationTest -->
        <test-method is-config="true" signature="tearDown()[pri:0, instance:TestFolder.ErrorValidationTest@43df23d3]" started-at="2024-11-19T01:21:18 IST" name="tearDown" finished-at="2024-11-19T01:21:19 IST" duration-ms="821" status="PASS">
          <reporter-output>
          </reporter-output>
        </test-method> <!-- tearDown -->
      </class> <!-- TestFolder.ErrorValidationTest -->
    </test> <!-- Error Validation Test -->
  </suite> <!-- Suite -->
</testng-results>
