<?xml version="1.0" encoding="UTF-8"?>
<testsuite xmlns:xsi="http://www.w3.org/2001/XMLSchema-instance" xsi:noNamespaceSchemaLocation="https://maven.apache.org/surefire/maven-surefire-plugin/xsd/surefire-test-report-3.0.xsd" version="3.0" name="TestSuite" time="106.913" tests="7" errors="0" skipped="0" failures="1">
  <properties>
[...]
</properties>
  <testcase name="endToEndTest" classname="TestFolder.StandAloneTest" time="15.211">
    <system-out><![CDATA[Using browser: firefox
ZARA COAT 3
THANKYOU FOR THE ORDER.
]]></system-out>
    <system-err><![CDATA[SLF4J(W): No SLF4J providers were found.
SLF4J(W): Defaulting to no-operation (NOP) logger implementation
SLF4J(W): See https://www.slf4j.org/codes.html#noProviders for further details.
1731342201867	geckodriver	INFO	Listening on 127.0.0.1:22409
1731342202323	mozrunner::runner	INFO	Running command: "C:\\Program Files\\Mozilla Firefox\\firefox.exe" "--marionette" "--remote-debugging-port" "39419" "--remote ... host:39419/,http://[::1]:39419/" "-no-remote" "-profile" "C:\\Users\\RAVI~2.AGG\\AppData\\Local\\Temp\\rust_mozprofileoo927E"
console.warn: services.settings: Ignoring preference override of remote settings server
console.warn: services.settings: Allow by setting MOZ_REMOTE_SETTINGS_DEVTOOLS=1 in the environment
Dynamically enable window occlusion 0
1731342202931	Marionette	INFO	Marionette enabled
1731342203145	Marionette	INFO	Listening on port 63683
WebDriver BiDi listening on ws://127.0.0.1:39419
Read port: 63683
1731342203409	RemoteAgent	WARN	TLS certificate errors will be ignored for this session
console.warn: LoginRecipes: "Falling back to a synchronous message for: https://rahulshettyacademy.com."
console.warn: LoginRecipes: "Falling back to a synchronous message for: https://rahulshettyacademy.com."
console.warn: FormAutofillSection: isRecordCreatable: Country not supported: INDIA
]]></system-err>
  </testcase>
  <testcase name="orderHistoryTest" classname="TestFolder.StandAloneTest" time="15.322">
    <system-out><![CDATA[Using browser: firefox
ZARA COAT 3
$ 31500
Ready to Ship
]]></system-out>
    <system-err><![CDATA[1731342225375	Marionette	INFO	Stopped listening on port 63683
Dynamically enable window occlusion 1
1731342227080	geckodriver	INFO	Listening on 127.0.0.1:1269
1731342227103	mozrunner::runner	INFO	Running command: "C:\\Program Files\\Mozilla Firefox\\firefox.exe" "--marionette" "--remote-debugging-port" "11909" "--remote ... host:11909/,http://[::1]:11909/" "-no-remote" "-profile" "C:\\Users\\RAVI~2.AGG\\AppData\\Local\\Temp\\rust_mozprofile4hfvLB"
console.warn: services.settings: Ignoring preference override of remote settings server
console.warn: services.settings: Allow by setting MOZ_REMOTE_SETTINGS_DEVTOOLS=1 in the environment
Dynamically enable window occlusion 0
1731342227674	Marionette	INFO	Marionette enabled
1731342227885	Marionette	INFO	Listening on port 63731
WebDriver BiDi listening on ws://127.0.0.1:11909
Read port: 63731
1731342228021	RemoteAgent	WARN	TLS certificate errors will be ignored for this session
console.warn: LoginRecipes: "Falling back to a synchronous message for: https://rahulshettyacademy.com."
console.warn: LoginRecipes: "Falling back to a synchronous message for: https://rahulshettyacademy.com."
console.warn: FormAutofillSection: isRecordCreatable: Country not supported: INDIA
]]></system-err>
  </testcase>
  <testcase name="loginErrorValiadtionTest" classname="TestFolder.ErrorValidationTest" time="0.444">
    <system-out><![CDATA[Using browser: firefox
]]></system-out>
    <system-err><![CDATA[1731342250674	Marionette	INFO	Stopped listening on port 63731
Dynamically enable window occlusion 1
1731342252445	geckodriver	INFO	Listening on 127.0.0.1:23219
1731342252480	mozrunner::runner	INFO	Running command: "C:\\Program Files\\Mozilla Firefox\\firefox.exe" "--marionette" "--remote-debugging-port" "3945" "--remote- ... alhost:3945/,http://[::1]:3945/" "-no-remote" "-profile" "C:\\Users\\RAVI~2.AGG\\AppData\\Local\\Temp\\rust_mozprofilevM0aSR"
console.warn: services.settings: Ignoring preference override of remote settings server
console.warn: services.settings: Allow by setting MOZ_REMOTE_SETTINGS_DEVTOOLS=1 in the environment
Dynamically enable window occlusion 0
1731342253042	Marionette	INFO	Marionette enabled
1731342253249	Marionette	INFO	Listening on port 63843
WebDriver BiDi listening on ws://127.0.0.1:3945
Read port: 63843
1731342253504	RemoteAgent	WARN	TLS certificate errors will be ignored for this session
console.warn: LoginRecipes: "Falling back to a synchronous message for: https://rahulshettyacademy.com."
]]></system-err>
  </testcase>
  <testcase name="productErrorvalidationTest" classname="TestFolder.ErrorValidationTest" time="13.717">
    <system-out><![CDATA[Using browser: firefox
ZARA COAT 3
false
]]></system-out>
    <system-err><![CDATA[1731342259458	Marionette	INFO	Stopped listening on port 63843
JavaScript warning: https://rahulshettyacademy.com/client/polyfills.bd0c6ffd915d0ed70d31.js, line 1: Script terminated by timeout at:
B@https://rahulshettyacademy.com/client/polyfills.bd0c6ffd915d0ed70d31.js:1:21347

Dynamically enable window occlusion 1
1731342261345	geckodriver	INFO	Listening on 127.0.0.1:11190
1731342261403	mozrunner::runner	INFO	Running command: "C:\\Program Files\\Mozilla Firefox\\firefox.exe" "--marionette" "--remote-debugging-port" "17616" "--remote ... host:17616/,http://[::1]:17616/" "-no-remote" "-profile" "C:\\Users\\RAVI~2.AGG\\AppData\\Local\\Temp\\rust_mozprofilexM59GP"
console.warn: services.settings: Ignoring preference override of remote settings server
console.warn: services.settings: Allow by setting MOZ_REMOTE_SETTINGS_DEVTOOLS=1 in the environment
Dynamically enable window occlusion 0
1731342262002	Marionette	INFO	Marionette enabled
1731342262246	Marionette	INFO	Listening on port 63893
WebDriver BiDi listening on ws://127.0.0.1:17616
Read port: 63893
1731342262525	RemoteAgent	WARN	TLS certificate errors will be ignored for this session
console.warn: LoginRecipes: "Falling back to a synchronous message for: https://rahulshettyacademy.com."
console.warn: LoginRecipes: "Falling back to a synchronous message for: https://rahulshettyacademy.com."
]]></system-err>
  </testcase>
  <testcase name="checkTheLocators" classname="TestFolder.Test1" time="6.822">
    <system-out><![CDATA[* Incorrect username or password
Please use temporary password 'rahulshettyacademy' to Login.
Hello rahul,
]]></system-out>
    <system-err><![CDATA[1731342283425	Marionette	INFO	Stopped listening on port 63893
Dynamically enable window occlusion 1
Starting ChromeDriver 130.0.6723.116 (6ac35f94ae3d01152cf1946c896b0678e48f8ec4-refs/branch-heads/6723@{#1764}) on port 29163
Only local connections are allowed.
Please see https://chromedriver.chromium.org/security-considerations for suggestions on keeping ChromeDriver safe.
ChromeDriver was started successfully on port 29163.
Nov 11, 2024 9:54:47 PM org.openqa.selenium.devtools.CdpVersionFinder findNearestMatch
WARNING: Unable to find CDP implementation matching 130
Nov 11, 2024 9:54:47 PM org.openqa.selenium.chromium.ChromiumDriver lambda$new$3
WARNING: Unable to find version of CDP to use for . You may need to include a dependency on a specific version of the CDP using something similar to `org.seleniumhq.selenium:selenium-devtools-v86:4.5.3` where the version ("v86") matches the version of the chromium-based browser you're using and the version number of the artifact is the same as Selenium's.
]]></system-err>
  </testcase>
  <testcase name="foundThePassword" classname="TestFolder.Test1" time="4.65">
    <failure message="expected [Hello rahul,] but found []" type="java.lang.AssertionError"><![CDATA[java.lang.AssertionError: expected [Hello rahul,] but found []
	at TestFolder.Test1.foundThePassword(Test1.java:123)
]]></failure>
    <system-out><![CDATA[* Incorrect username or password
]]></system-out>
    <system-err><![CDATA[Starting ChromeDriver 130.0.6723.116 (6ac35f94ae3d01152cf1946c896b0678e48f8ec4-refs/branch-heads/6723@{#1764}) on port 19146
Only local connections are allowed.
Please see https://chromedriver.chromium.org/security-considerations for suggestions on keeping ChromeDriver safe.
ChromeDriver was started successfully on port 19146.
Nov 11, 2024 9:54:55 PM org.openqa.selenium.devtools.CdpVersionFinder findNearestMatch
WARNING: Unable to find CDP implementation matching 130
Nov 11, 2024 9:54:55 PM org.openqa.selenium.chromium.ChromiumDriver lambda$new$3
WARNING: Unable to find version of CDP to use for . You may need to include a dependency on a specific version of the CDP using something similar to `org.seleniumhq.selenium:selenium-devtools-v86:4.5.3` where the version ("v86") matches the version of the chromium-based browser you're using and the version number of the artifact is the same as Selenium's.
]]></system-err>
  </testcase>
  <testcase name="openGoogleTest" classname="TestFolder.Test1" time="1.732">
    <system-out><![CDATA[Page title is: Selenium, API Testing, Software Testing & More QA Tutorials | Rahul Shetty Academy
Current url is: https://rahulshettyacademy.com/
]]></system-out>
    <system-err><![CDATA[Starting ChromeDriver 130.0.6723.116 (6ac35f94ae3d01152cf1946c896b0678e48f8ec4-refs/branch-heads/6723@{#1764}) on port 43857
Only local connections are allowed.
Please see https://chromedriver.chromium.org/security-considerations for suggestions on keeping ChromeDriver safe.
ChromeDriver was started successfully on port 43857.
Nov 11, 2024 9:55:02 PM org.openqa.selenium.devtools.CdpVersionFinder findNearestMatch
WARNING: Unable to find CDP implementation matching 130
Nov 11, 2024 9:55:02 PM org.openqa.selenium.chromium.ChromiumDriver lambda$new$3
WARNING: Unable to find version of CDP to use for . You may need to include a dependency on a specific version of the CDP using something similar to `org.seleniumhq.selenium:selenium-devtools-v86:4.5.3` where the version ("v86") matches the version of the chromium-based browser you're using and the version number of the artifact is the same as Selenium's.
]]></system-err>
  </testcase>
</testsuite>