<?xml version="1.0" encoding="UTF-8"?>
<testsuite xmlns:xsi="http://www.w3.org/2001/XMLSchema-instance" xsi:noNamespaceSchemaLocation="https://maven.apache.org/surefire/maven-surefire-plugin/xsd/surefire-test-report-3.0.xsd" version="3.0" name="TestSuite" time="70.435" tests="4" errors="0" skipped="0" failures="0">
  <properties>
[...]
</properties>
  <testcase name="endToEndTest" classname="TestFolder.StandAloneTest" time="15.265">
    <system-out><![CDATA[Using browser: firefox
[2024-11-19 01:20:16] [INFO ] user enter the email
[2024-11-19 01:20:16] [INFO ] user enter the password
[2024-11-19 01:20:17] [INFO ] user click on the enter button
ZARA COAT 3
THANKYOU FOR THE ORDER.
]]></system-out>
    <system-err><![CDATA[SLF4J: Failed to load class "org.slf4j.impl.StaticLoggerBinder".
SLF4J: Defaulting to no-operation (NOP) logger implementation
SLF4J: See http://www.slf4j.org/codes.html#StaticLoggerBinder for further details.
]]></system-err>
  </testcase>
  <testcase name="orderHistoryTest" classname="TestFolder.StandAloneTest" time="15.267">
    <system-out><![CDATA[Using browser: firefox
[2024-11-19 01:20:37] [INFO ] user enter the email
[2024-11-19 01:20:37] [INFO ] user enter the password
[2024-11-19 01:20:37] [INFO ] user click on the enter button
ZARA COAT 3
$ 31500
Ready to Ship
]]></system-out>
  </testcase>
  <testcase name="loginErrorValiadtionTest" classname="TestFolder.ErrorValidationTest" time="0.373">
    <system-out><![CDATA[Using browser: firefox
[2024-11-19 01:20:58] [INFO ] user enter the email
[2024-11-19 01:20:58] [INFO ] user enter the password
[2024-11-19 01:20:58] [INFO ] user click on the enter button
]]></system-out>
  </testcase>
  <testcase name="productErrorvalidationTest" classname="TestFolder.ErrorValidationTest" time="13.423">
    <system-out><![CDATA[Using browser: firefox
[2024-11-19 01:21:05] [INFO ] user enter the email
[2024-11-19 01:21:05] [INFO ] user enter the password
[2024-11-19 01:21:05] [INFO ] user click on the enter button
ZARA COAT 3
false
]]></system-out>
  </testcase>
</testsuite>