<?xml version="1.0" encoding="UTF-8"?>
<testng-results ignored="0" total="7" passed="6" failed="1" skipped="0">
  <reporter-output>
  </reporter-output>
  <suite started-at="2024-11-11T17:31:12 IST" name="Suite" finished-at="2024-11-11T17:32:39 IST" duration-ms="87285">
    <groups>
    </groups>
    <test started-at="2024-11-11T17:31:12 IST" name="Stand Alone Test" finished-at="2024-11-11T17:32:00 IST" duration-ms="48191">
      <class name="TestFolder.StandAloneTest">
        <test-method is-config="true" signature="setUp()[pri:0, instance:TestFolder.StandAloneTest@15043a2f]" started-at="2024-11-11T17:31:12 IST" name="setUp" finished-at="2024-11-11T17:31:24 IST" duration-ms="12357" status="PASS">
          <reporter-output>
          </reporter-output>
        </test-method> <!-- setUp -->
        <test-method signature="endToEndTest()[pri:0, instance:TestFolder.StandAloneTest@15043a2f]" started-at="2024-11-11T17:31:24 IST" name="endToEndTest" finished-at="2024-11-11T17:31:39 IST" duration-ms="14825" status="PASS">
          <reporter-output>
          </reporter-output>
        </test-method> <!-- endToEndTest -->
        <test-method is-config="true" signature="tearDown()[pri:0, instance:TestFolder.StandAloneTest@15043a2f]" started-at="2024-11-11T17:31:39 IST" name="tearDown" finished-at="2024-11-11T17:31:40 IST" duration-ms="930" status="PASS">
          <reporter-output>
          </reporter-output>
        </test-method> <!-- tearDown -->
        <test-method is-config="true" signature="setUp()[pri:0, instance:TestFolder.StandAloneTest@15043a2f]" started-at="2024-11-11T17:31:40 IST" name="setUp" finished-at="2024-11-11T17:31:44 IST" duration-ms="4208" status="PASS">
          <reporter-output>
          </reporter-output>
        </test-method> <!-- setUp -->
        <test-method signature="orderHistoryTest()[pri:0, instance:TestFolder.StandAloneTest@15043a2f]" started-at="2024-11-11T17:31:44 IST" name="orderHistoryTest" finished-at="2024-11-11T17:31:59 IST" duration-ms="14850" status="PASS">
          <reporter-output>
          </reporter-output>
        </test-method> <!-- orderHistoryTest -->
        <test-method is-config="true" signature="tearDown()[pri:0, instance:TestFolder.StandAloneTest@15043a2f]" started-at="2024-11-11T17:31:59 IST" name="tearDown" finished-at="2024-11-11T17:32:00 IST" duration-ms="860" status="PASS">
          <reporter-output>
          </reporter-output>
        </test-method> <!-- tearDown -->
      </class> <!-- TestFolder.StandAloneTest -->
    </test> <!-- Stand Alone Test -->
    <test started-at="2024-11-11T17:32:00 IST" name="Error Validation Test" finished-at="2024-11-11T17:32:25 IST" duration-ms="24593">
      <class name="TestFolder.ErrorValidationTest">
        <test-method is-config="true" signature="setUp()[pri:0, instance:TestFolder.ErrorValidationTest@4a8355dd]" started-at="2024-11-11T17:32:00 IST" name="setUp" finished-at="2024-11-11T17:32:04 IST" duration-ms="4457" status="PASS">
          <reporter-output>
          </reporter-output>
        </test-method> <!-- setUp -->
        <test-method signature="loginErrorValiadtionTest()[pri:0, instance:TestFolder.ErrorValidationTest@4a8355dd]" started-at="2024-11-11T17:32:04 IST" name="loginErrorValiadtionTest" finished-at="2024-11-11T17:32:05 IST" duration-ms="453" status="PASS">
          <reporter-output>
          </reporter-output>
        </test-method> <!-- loginErrorValiadtionTest -->
        <test-method is-config="true" signature="tearDown()[pri:0, instance:TestFolder.ErrorValidationTest@4a8355dd]" started-at="2024-11-11T17:32:05 IST" name="tearDown" finished-at="2024-11-11T17:32:06 IST" duration-ms="1031" status="PASS">
          <reporter-output>
          </reporter-output>
        </test-method> <!-- tearDown -->
        <test-method is-config="true" signature="setUp()[pri:0, instance:TestFolder.ErrorValidationTest@4a8355dd]" started-at="2024-11-11T17:32:06 IST" name="setUp" finished-at="2024-11-11T17:32:10 IST" duration-ms="4287" status="PASS">
          <reporter-output>
          </reporter-output>
        </test-method> <!-- setUp -->
        <test-method signature="productErrorvalidationTest()[pri:0, instance:TestFolder.ErrorValidationTest@4a8355dd]" started-at="2024-11-11T17:32:10 IST" name="productErrorvalidationTest" finished-at="2024-11-11T17:32:24 IST" duration-ms="13473" status="PASS">
          <reporter-output>
          </reporter-output>
        </test-method> <!-- productErrorvalidationTest -->
        <test-method is-config="true" signature="tearDown()[pri:0, instance:TestFolder.ErrorValidationTest@4a8355dd]" started-at="2024-11-11T17:32:24 IST" name="tearDown" finished-at="2024-11-11T17:32:25 IST" duration-ms="871" status="PASS">
          <reporter-output>
          </reporter-output>
        </test-method> <!-- tearDown -->
      </class> <!-- TestFolder.ErrorValidationTest -->
    </test> <!-- Error Validation Test -->
    <test started-at="2024-11-11T17:32:25 IST" name="Miscellenous Test" finished-at="2024-11-11T17:32:39 IST" duration-ms="14469">
      <class name="TestFolder.Test1">
        <test-method is-config="true" signature="setup()[pri:0, instance:TestFolder.Test1@6c4906d3]" started-at="2024-11-11T17:32:25 IST" name="setup" finished-at="2024-11-11T17:32:26 IST" duration-ms="1082" status="PASS">
          <reporter-output>
          </reporter-output>
        </test-method> <!-- setup -->
        <test-method signature="checkTheLocators()[pri:0, instance:TestFolder.Test1@6c4906d3]" started-at="2024-11-11T17:32:26 IST" name="checkTheLocators" finished-at="2024-11-11T17:32:31 IST" duration-ms="5191" status="PASS">
          <reporter-output>
          </reporter-output>
        </test-method> <!-- checkTheLocators -->
        <test-method is-config="true" signature="tearDown()[pri:0, instance:TestFolder.Test1@6c4906d3]" started-at="2024-11-11T17:32:31 IST" name="tearDown" finished-at="2024-11-11T17:32:31 IST" duration-ms="320" status="PASS">
          <reporter-output>
          </reporter-output>
        </test-method> <!-- tearDown -->
        <test-method is-config="true" signature="setup()[pri:0, instance:TestFolder.Test1@6c4906d3]" started-at="2024-11-11T17:32:31 IST" name="setup" finished-at="2024-11-11T17:32:32 IST" duration-ms="1020" status="PASS">
          <reporter-output>
          </reporter-output>
        </test-method> <!-- setup -->
        <test-method signature="foundThePassword()[pri:0, instance:TestFolder.Test1@6c4906d3]" started-at="2024-11-11T17:32:32 IST" name="foundThePassword" finished-at="2024-11-11T17:32:36 IST" duration-ms="3969" status="FAIL">
          <exception class="java.lang.AssertionError">
            <message>
              <![CDATA[expected [Hello rahul,] but found []]]>
            </message>
            <full-stacktrace>
              <![CDATA[java.lang.AssertionError: expected [Hello rahul,] but found []
at org.testng.Assert.fail(Assert.java:110)
at org.testng.Assert.failNotEquals(Assert.java:1577)
at org.testng.Assert.assertEqualsImpl(Assert.java:149)
at org.testng.Assert.assertEquals(Assert.java:131)
at org.testng.Assert.assertEquals(Assert.java:655)
at org.testng.Assert.assertEquals(Assert.java:665)
at TestFolder.Test1.foundThePassword(Test1.java:123)
at java.base/jdk.internal.reflect.NativeMethodAccessorImpl.invoke0(Native Method)
at java.base/jdk.internal.reflect.NativeMethodAccessorImpl.invoke(NativeMethodAccessorImpl.java:77)
at java.base/jdk.internal.reflect.DelegatingMethodAccessorImpl.invoke(DelegatingMethodAccessorImpl.java:43)
at java.base/java.lang.reflect.Method.invoke(Method.java:568)
at org.testng.internal.invokers.MethodInvocationHelper.invokeMethod(MethodInvocationHelper.java:139)
at org.testng.internal.invokers.TestInvoker.invokeMethod(TestInvoker.java:677)
at org.testng.internal.invokers.TestInvoker.invokeTestMethod(TestInvoker.java:221)
at org.testng.internal.invokers.MethodRunner.runInSequence(MethodRunner.java:50)
at org.testng.internal.invokers.TestInvoker$MethodInvocationAgent.invoke(TestInvoker.java:969)
at org.testng.internal.invokers.TestInvoker.invokeTestMethods(TestInvoker.java:194)
at org.testng.internal.invokers.TestMethodWorker.invokeTestMethods(TestMethodWorker.java:148)
at org.testng.internal.invokers.TestMethodWorker.run(TestMethodWorker.java:128)
at java.base/java.util.ArrayList.forEach(ArrayList.java:1511)
at org.testng.TestRunner.privateRun(TestRunner.java:829)
at org.testng.TestRunner.run(TestRunner.java:602)
at org.testng.SuiteRunner.runTest(SuiteRunner.java:437)
at org.testng.SuiteRunner.runSequentially(SuiteRunner.java:431)
at org.testng.SuiteRunner.privateRun(SuiteRunner.java:391)
at org.testng.SuiteRunner.run(SuiteRunner.java:330)
at org.testng.SuiteRunnerWorker.runSuite(SuiteRunnerWorker.java:52)
at org.testng.SuiteRunnerWorker.run(SuiteRunnerWorker.java:95)
at org.testng.TestNG.runSuitesSequentially(TestNG.java:1256)
at org.testng.TestNG.runSuitesLocally(TestNG.java:1176)
at org.testng.TestNG.runSuites(TestNG.java:1099)
at org.testng.TestNG.run(TestNG.java:1067)
at org.apache.maven.surefire.testng.TestNGExecutor.run(TestNGExecutor.java:284)
at org.apache.maven.surefire.testng.TestNGXmlTestSuite.execute(TestNGXmlTestSuite.java:75)
at org.apache.maven.surefire.testng.TestNGProvider.invoke(TestNGProvider.java:119)
at org.apache.maven.surefire.booter.ForkedBooter.runSuitesInProcess(ForkedBooter.java:428)
at org.apache.maven.surefire.booter.ForkedBooter.execute(ForkedBooter.java:162)
at org.apache.maven.surefire.booter.ForkedBooter.run(ForkedBooter.java:562)
at org.apache.maven.surefire.booter.ForkedBooter.main(ForkedBooter.java:548)
]]>
            </full-stacktrace>
          </exception> <!-- java.lang.AssertionError -->
          <reporter-output>
          </reporter-output>
        </test-method> <!-- foundThePassword -->
        <test-method is-config="true" signature="tearDown()[pri:0, instance:TestFolder.Test1@6c4906d3]" started-at="2024-11-11T17:32:36 IST" name="tearDown" finished-at="2024-11-11T17:32:37 IST" duration-ms="266" status="PASS">
          <reporter-output>
          </reporter-output>
        </test-method> <!-- tearDown -->
        <test-method is-config="true" signature="setup()[pri:0, instance:TestFolder.Test1@6c4906d3]" started-at="2024-11-11T17:32:37 IST" name="setup" finished-at="2024-11-11T17:32:37 IST" duration-ms="934" status="PASS">
          <reporter-output>
          </reporter-output>
        </test-method> <!-- setup -->
        <test-method signature="openGoogleTest()[pri:0, instance:TestFolder.Test1@6c4906d3]" started-at="2024-11-11T17:32:37 IST" name="openGoogleTest" finished-at="2024-11-11T17:32:39 IST" duration-ms="1403" status="PASS">
          <reporter-output>
          </reporter-output>
        </test-method> <!-- openGoogleTest -->
        <test-method is-config="true" signature="tearDown()[pri:0, instance:TestFolder.Test1@6c4906d3]" started-at="2024-11-11T17:32:39 IST" name="tearDown" finished-at="2024-11-11T17:32:39 IST" duration-ms="248" status="PASS">
          <reporter-output>
          </reporter-output>
        </test-method> <!-- tearDown -->
      </class> <!-- TestFolder.Test1 -->
    </test> <!-- Miscellenous Test -->
  </suite> <!-- Suite -->
</testng-results>
