<?xml version="1.0" encoding="UTF-8"?>
<testng-results ignored="1" total="2" passed="1" failed="0" skipped="0">
  <reporter-output>
  </reporter-output>
  <suite started-at="2024-11-19T01:23:39 IST" name="Default suite" finished-at="2024-11-19T01:24:03 IST" duration-ms="23606">
    <groups>
    </groups>
    <test started-at="2024-11-19T01:23:39 IST" name="Default test" finished-at="2024-11-19T01:24:03 IST" duration-ms="23606">
      <class name="TestFolder.StandAloneTest">
        <test-method is-config="true" signature="setUp()[pri:0, instance:TestFolder.StandAloneTest@6f10d5b6]" started-at="2024-11-19T01:23:39 IST" name="setUp" finished-at="2024-11-19T01:23:47 IST" duration-ms="7332" status="PASS">
          <reporter-output>
          </reporter-output>
        </test-method> <!-- setUp -->
        <test-method signature="endToEndTest()[pri:0, instance:TestFolder.StandAloneTest@6f10d5b6]" started-at="2024-11-19T01:23:47 IST" name="endToEndTest" finished-at="2024-11-19T01:24:02 IST" duration-ms="15314" status="PASS">
          <reporter-output>
          </reporter-output>
        </test-method> <!-- endToEndTest -->
        <test-method is-config="true" signature="tearDown()[pri:0, instance:TestFolder.StandAloneTest@6f10d5b6]" started-at="2024-11-19T01:24:02 IST" name="tearDown" finished-at="2024-11-19T01:24:03 IST" duration-ms="820" status="PASS">
          <reporter-output>
          </reporter-output>
        </test-method> <!-- tearDown -->
      </class> <!-- TestFolder.StandAloneTest -->
    </test> <!-- Default test -->
  </suite> <!-- Default suite -->
</testng-results>
