<?xml version="1.0" encoding="UTF-8"?>
<testng-results ignored="0" total="16" passed="16" failed="0" skipped="0">
  <reporter-output>
  </reporter-output>
  <suite started-at="2024-11-12T01:40:59 IST" name="Suite" finished-at="2024-11-12T01:44:12 IST" duration-ms="192740">
    <groups>
      <group name="purchase">
        <method signature="StandAloneTestWithDataProvider.endToEndTestWithDataProvider(java.lang.String,java.lang.String,java.lang.String)[pri:0, instance:TestFolder.StandAloneTestWithDataProvider@13f95696]" name="endToEndTestWithDataProvider" class="TestFolder.StandAloneTestWithDataProvider"/>
        <method signature="StandAloneTestWitrhHashMapData.endToEndTestWithHashMapData(java.lang.String,java.lang.String,java.lang.String)[pri:0, instance:TestFolder.StandAloneTestWitrhHashMapData@7d64e326]" name="endToEndTestWithHashMapData" class="TestFolder.StandAloneTestWitrhHashMapData"/>
        <method signature="SubmitOrderExcelTest.endToEndTestWithDataProvider(java.lang.String,java.lang.String,java.lang.String)[pri:0, instance:TestFolder.SubmitOrderExcelTest@2da59753]" name="endToEndTestWithDataProvider" class="TestFolder.SubmitOrderExcelTest"/>
      </group> <!-- purchase -->
    </groups>
    <test started-at="2024-11-12T01:40:59 IST" name="Test" finished-at="2024-11-12T01:44:12 IST" duration-ms="192740">
      <class name="TestFolder.StandAloneTest">
        <test-method is-config="true" signature="setUp()[pri:0, instance:TestFolder.StandAloneTest@5d5f10b2]" started-at="2024-11-12T01:41:35 IST" name="setUp" finished-at="2024-11-12T01:41:37 IST" duration-ms="2367" status="PASS">
          <reporter-output>
          </reporter-output>
        </test-method> <!-- setUp -->
        <test-method signature="endToEndTest()[pri:0, instance:TestFolder.StandAloneTest@5d5f10b2]" started-at="2024-11-12T01:41:37 IST" name="endToEndTest" finished-at="2024-11-12T01:41:52 IST" duration-ms="15230" status="PASS">
          <reporter-output>
          </reporter-output>
        </test-method> <!-- endToEndTest -->
        <test-method is-config="true" signature="tearDown()[pri:0, instance:TestFolder.StandAloneTest@5d5f10b2]" started-at="2024-11-12T01:41:52 IST" name="tearDown" finished-at="2024-11-12T01:41:53 IST" duration-ms="533" status="PASS">
          <reporter-output>
          </reporter-output>
        </test-method> <!-- tearDown -->
        <test-method is-config="true" signature="setUp()[pri:0, instance:TestFolder.StandAloneTest@5d5f10b2]" started-at="2024-11-12T01:41:53 IST" name="setUp" finished-at="2024-11-12T01:41:58 IST" duration-ms="5610" status="PASS">
          <reporter-output>
          </reporter-output>
        </test-method> <!-- setUp -->
        <test-method signature="orderHistoryTest()[pri:0, instance:TestFolder.StandAloneTest@5d5f10b2]" started-at="2024-11-12T01:41:58 IST" name="orderHistoryTest" finished-at="2024-11-12T01:42:14 IST" duration-ms="15510" status="PASS">
          <reporter-output>
          </reporter-output>
        </test-method> <!-- orderHistoryTest -->
        <test-method is-config="true" signature="tearDown()[pri:0, instance:TestFolder.StandAloneTest@5d5f10b2]" started-at="2024-11-12T01:42:14 IST" name="tearDown" finished-at="2024-11-12T01:42:15 IST" duration-ms="487" status="PASS">
          <reporter-output>
          </reporter-output>
        </test-method> <!-- tearDown -->
      </class> <!-- TestFolder.StandAloneTest -->
      <class name="TestFolder.ErrorValidationTest">
        <test-method is-config="true" signature="setUp()[pri:0, instance:TestFolder.ErrorValidationTest@73a2e526]" started-at="2024-11-12T01:42:33 IST" name="setUp" finished-at="2024-11-12T01:42:36 IST" duration-ms="2351" status="PASS">
          <reporter-output>
          </reporter-output>
        </test-method> <!-- setUp -->
        <test-method signature="loginErrorValiadtionTest()[pri:0, instance:TestFolder.ErrorValidationTest@73a2e526]" started-at="2024-11-12T01:42:36 IST" name="loginErrorValiadtionTest" finished-at="2024-11-12T01:42:36 IST" duration-ms="573" status="PASS">
          <reporter-output>
          </reporter-output>
        </test-method> <!-- loginErrorValiadtionTest -->
        <test-method is-config="true" signature="tearDown()[pri:0, instance:TestFolder.ErrorValidationTest@73a2e526]" started-at="2024-11-12T01:42:36 IST" name="tearDown" finished-at="2024-11-12T01:42:37 IST" duration-ms="379" status="PASS">
          <reporter-output>
          </reporter-output>
        </test-method> <!-- tearDown -->
        <test-method is-config="true" signature="setUp()[pri:0, instance:TestFolder.ErrorValidationTest@73a2e526]" started-at="2024-11-12T01:42:37 IST" name="setUp" finished-at="2024-11-12T01:42:41 IST" duration-ms="4430" status="PASS">
          <reporter-output>
          </reporter-output>
        </test-method> <!-- setUp -->
        <test-method signature="productErrorvalidationTest()[pri:0, instance:TestFolder.ErrorValidationTest@73a2e526]" started-at="2024-11-12T01:42:41 IST" name="productErrorvalidationTest" finished-at="2024-11-12T01:42:55 IST" duration-ms="14088" status="PASS">
          <reporter-output>
          </reporter-output>
        </test-method> <!-- productErrorvalidationTest -->
        <test-method is-config="true" signature="tearDown()[pri:0, instance:TestFolder.ErrorValidationTest@73a2e526]" started-at="2024-11-12T01:42:55 IST" name="tearDown" finished-at="2024-11-12T01:42:56 IST" duration-ms="580" status="PASS">
          <reporter-output>
          </reporter-output>
        </test-method> <!-- tearDown -->
      </class> <!-- TestFolder.ErrorValidationTest -->
      <class name="TestFolder.SubmitOrderExcelTest">
        <test-method is-config="true" signature="setUp()[pri:0, instance:TestFolder.SubmitOrderExcelTest@2da59753]" started-at="2024-11-12T01:41:01 IST" name="setUp" finished-at="2024-11-12T01:41:09 IST" duration-ms="8267" status="PASS">
          <reporter-output>
          </reporter-output>
        </test-method> <!-- setUp -->
        <test-method signature="endToEndTestWithDataProvider(java.lang.String,java.lang.String,java.lang.String)[pri:0, instance:TestFolder.SubmitOrderExcelTest@2da59753]" started-at="2024-11-12T01:41:10 IST" name="endToEndTestWithDataProvider" data-provider="excelData" finished-at="2024-11-12T01:41:26 IST" duration-ms="16265" status="PASS">
          <params>
            <param index="0">
              <value>
                <![CDATA[rahul20@gmail.com]]>
              </value>
            </param>
            <param index="1">
              <value>
                <![CDATA[Rahul@2024]]>
              </value>
            </param>
            <param index="2">
              <value>
                <![CDATA[ZARA COAT 3]]>
              </value>
            </param>
          </params>
          <reporter-output>
          </reporter-output>
        </test-method> <!-- endToEndTestWithDataProvider -->
        <test-method is-config="true" signature="tearDown()[pri:0, instance:TestFolder.SubmitOrderExcelTest@2da59753]" started-at="2024-11-12T01:41:26 IST" name="tearDown" finished-at="2024-11-12T01:41:26 IST" duration-ms="516" status="PASS">
          <reporter-output>
          </reporter-output>
        </test-method> <!-- tearDown -->
        <test-method is-config="true" signature="setUp()[pri:0, instance:TestFolder.SubmitOrderExcelTest@2da59753]" started-at="2024-11-12T01:41:26 IST" name="setUp" finished-at="2024-11-12T01:41:30 IST" duration-ms="3448" status="PASS">
          <reporter-output>
          </reporter-output>
        </test-method> <!-- setUp -->
        <test-method signature="endToEndTestWithDataProvider(java.lang.String,java.lang.String,java.lang.String)[pri:0, instance:TestFolder.SubmitOrderExcelTest@2da59753]" started-at="2024-11-12T01:41:30 IST" name="endToEndTestWithDataProvider" data-provider="excelData" finished-at="2024-11-12T01:41:34 IST" duration-ms="4328" status="PASS">
          <params>
            <param index="0">
              <value>
                <![CDATA[anshika@gmail.com]]>
              </value>
            </param>
            <param index="1">
              <value>
                <![CDATA[Iamking@000]]>
              </value>
            </param>
            <param index="2">
              <value>
                <![CDATA[ADIDAS ORIGINAL]]>
              </value>
            </param>
          </params>
          <reporter-output>
          </reporter-output>
        </test-method> <!-- endToEndTestWithDataProvider -->
        <test-method is-config="true" signature="tearDown()[pri:0, instance:TestFolder.SubmitOrderExcelTest@2da59753]" started-at="2024-11-12T01:41:34 IST" name="tearDown" finished-at="2024-11-12T01:41:35 IST" duration-ms="474" status="PASS">
          <reporter-output>
          </reporter-output>
        </test-method> <!-- tearDown -->
      </class> <!-- TestFolder.SubmitOrderExcelTest -->
      <class name="TestFolder.StandAloneTestWitrhHashMapData">
        <test-method is-config="true" signature="setUp()[pri:0, instance:TestFolder.StandAloneTestWitrhHashMapData@7d64e326]" started-at="2024-11-12T01:42:56 IST" name="setUp" finished-at="2024-11-12T01:42:58 IST" duration-ms="2234" status="PASS">
          <reporter-output>
          </reporter-output>
        </test-method> <!-- setUp -->
        <test-method signature="endToEndTestWithHashMapData(java.lang.String,java.lang.String,java.lang.String)[pri:0, instance:TestFolder.StandAloneTestWitrhHashMapData@7d64e326]" started-at="2024-11-12T01:42:58 IST" name="endToEndTestWithHashMapData" data-provider="getData" finished-at="2024-11-12T01:43:13 IST" duration-ms="15554" status="PASS">
          <params>
            <param index="0">
              <value>
                <![CDATA[rahul20@gmail.com]]>
              </value>
            </param>
            <param index="1">
              <value>
                <![CDATA[Rahul@2024]]>
              </value>
            </param>
            <param index="2">
              <value>
                <![CDATA[ZARA COAT 3]]>
              </value>
            </param>
          </params>
          <reporter-output>
          </reporter-output>
        </test-method> <!-- endToEndTestWithHashMapData -->
        <test-method is-config="true" signature="tearDown()[pri:0, instance:TestFolder.StandAloneTestWitrhHashMapData@7d64e326]" started-at="2024-11-12T01:43:13 IST" name="tearDown" finished-at="2024-11-12T01:43:14 IST" duration-ms="516" status="PASS">
          <reporter-output>
          </reporter-output>
        </test-method> <!-- tearDown -->
        <test-method is-config="true" signature="setUp()[pri:0, instance:TestFolder.StandAloneTestWitrhHashMapData@7d64e326]" started-at="2024-11-12T01:43:14 IST" name="setUp" finished-at="2024-11-12T01:43:16 IST" duration-ms="2365" status="PASS">
          <reporter-output>
          </reporter-output>
        </test-method> <!-- setUp -->
        <test-method signature="endToEndTestWithHashMapData(java.lang.String,java.lang.String,java.lang.String)[pri:0, instance:TestFolder.StandAloneTestWitrhHashMapData@7d64e326]" started-at="2024-11-12T01:43:16 IST" name="endToEndTestWithHashMapData" data-provider="getData" finished-at="2024-11-12T01:43:32 IST" duration-ms="15447" status="PASS">
          <params>
            <param index="0">
              <value>
                <![CDATA[anshika@gmail.com]]>
              </value>
            </param>
            <param index="1">
              <value>
                <![CDATA[Iamking@000]]>
              </value>
            </param>
            <param index="2">
              <value>
                <![CDATA[ADIDAS ORIGINAL]]>
              </value>
            </param>
          </params>
          <reporter-output>
          </reporter-output>
        </test-method> <!-- endToEndTestWithHashMapData -->
        <test-method is-config="true" signature="tearDown()[pri:0, instance:TestFolder.StandAloneTestWitrhHashMapData@7d64e326]" started-at="2024-11-12T01:43:32 IST" name="tearDown" finished-at="2024-11-12T01:43:32 IST" duration-ms="483" status="PASS">
          <reporter-output>
          </reporter-output>
        </test-method> <!-- tearDown -->
      </class> <!-- TestFolder.StandAloneTestWitrhHashMapData -->
      <class name="TestFolder.StandAloneTestWithDataProvider">
        <test-method is-config="true" signature="setUp()[pri:0, instance:TestFolder.StandAloneTestWithDataProvider@13f95696]" started-at="2024-11-12T01:43:32 IST" name="setUp" finished-at="2024-11-12T01:43:38 IST" duration-ms="5717" status="PASS">
          <reporter-output>
          </reporter-output>
        </test-method> <!-- setUp -->
        <test-method signature="endToEndTestWithDataProvider(java.lang.String,java.lang.String,java.lang.String)[pri:0, instance:TestFolder.StandAloneTestWithDataProvider@13f95696]" started-at="2024-11-12T01:43:38 IST" name="endToEndTestWithDataProvider" data-provider="getData" finished-at="2024-11-12T01:43:53 IST" duration-ms="15146" status="PASS">
          <params>
            <param index="0">
              <value>
                <![CDATA[rahul20@gmail.com]]>
              </value>
            </param>
            <param index="1">
              <value>
                <![CDATA[Rahul@2024]]>
              </value>
            </param>
            <param index="2">
              <value>
                <![CDATA[ZARA COAT 3]]>
              </value>
            </param>
          </params>
          <reporter-output>
          </reporter-output>
        </test-method> <!-- endToEndTestWithDataProvider -->
        <test-method is-config="true" signature="tearDown()[pri:0, instance:TestFolder.StandAloneTestWithDataProvider@13f95696]" started-at="2024-11-12T01:43:53 IST" name="tearDown" finished-at="2024-11-12T01:43:54 IST" duration-ms="494" status="PASS">
          <reporter-output>
          </reporter-output>
        </test-method> <!-- tearDown -->
        <test-method is-config="true" signature="setUp()[pri:0, instance:TestFolder.StandAloneTestWithDataProvider@13f95696]" started-at="2024-11-12T01:43:54 IST" name="setUp" finished-at="2024-11-12T01:43:56 IST" duration-ms="2240" status="PASS">
          <reporter-output>
          </reporter-output>
        </test-method> <!-- setUp -->
        <test-method signature="endToEndTestWithDataProvider(java.lang.String,java.lang.String,java.lang.String)[pri:0, instance:TestFolder.StandAloneTestWithDataProvider@13f95696]" started-at="2024-11-12T01:43:56 IST" name="endToEndTestWithDataProvider" data-provider="getData" finished-at="2024-11-12T01:44:11 IST" duration-ms="15536" status="PASS">
          <params>
            <param index="0">
              <value>
                <![CDATA[anshika@gmail.com]]>
              </value>
            </param>
            <param index="1">
              <value>
                <![CDATA[Iamking@000]]>
              </value>
            </param>
            <param index="2">
              <value>
                <![CDATA[ADIDAS ORIGINAL]]>
              </value>
            </param>
          </params>
          <reporter-output>
          </reporter-output>
        </test-method> <!-- endToEndTestWithDataProvider -->
        <test-method is-config="true" signature="tearDown()[pri:0, instance:TestFolder.StandAloneTestWithDataProvider@13f95696]" started-at="2024-11-12T01:44:11 IST" name="tearDown" finished-at="2024-11-12T01:44:12 IST" duration-ms="549" status="PASS">
          <reporter-output>
          </reporter-output>
        </test-method> <!-- tearDown -->
      </class> <!-- TestFolder.StandAloneTestWithDataProvider -->
      <class name="TestFolder.Test1">
        <test-method is-config="true" signature="setup()[pri:0, instance:TestFolder.Test1@1e0f9063]" started-at="2024-11-12T01:42:15 IST" name="setup" finished-at="2024-11-12T01:42:16 IST" duration-ms="1500" status="PASS">
          <reporter-output>
          </reporter-output>
        </test-method> <!-- setup -->
        <test-method signature="checkTheLocators()[pri:0, instance:TestFolder.Test1@1e0f9063]" started-at="2024-11-12T01:42:16 IST" name="checkTheLocators" finished-at="2024-11-12T01:42:22 IST" duration-ms="6393" status="PASS">
          <reporter-output>
          </reporter-output>
        </test-method> <!-- checkTheLocators -->
        <test-method is-config="true" signature="tearDown()[pri:0, instance:TestFolder.Test1@1e0f9063]" started-at="2024-11-12T01:42:22 IST" name="tearDown" finished-at="2024-11-12T01:42:23 IST" duration-ms="440" status="PASS">
          <reporter-output>
          </reporter-output>
        </test-method> <!-- tearDown -->
        <test-method is-config="true" signature="setup()[pri:0, instance:TestFolder.Test1@1e0f9063]" started-at="2024-11-12T01:42:23 IST" name="setup" finished-at="2024-11-12T01:42:24 IST" duration-ms="1562" status="PASS">
          <reporter-output>
          </reporter-output>
        </test-method> <!-- setup -->
        <test-method signature="foundThePassword()[pri:0, instance:TestFolder.Test1@1e0f9063]" started-at="2024-11-12T01:42:24 IST" name="foundThePassword" finished-at="2024-11-12T01:42:29 IST" duration-ms="4498" status="PASS">
          <exception class="java.lang.AssertionError">
            <message>
              <![CDATA[expected [Hello rahul,] but found []]]>
            </message>
            <full-stacktrace>
              <![CDATA[java.lang.AssertionError: expected [Hello rahul,] but found []
at org.testng.Assert.fail(Assert.java:99)
at org.testng.Assert.failNotEquals(Assert.java:1037)
at org.testng.Assert.assertEqualsImpl(Assert.java:140)
at org.testng.Assert.assertEquals(Assert.java:122)
at org.testng.Assert.assertEquals(Assert.java:629)
at org.testng.Assert.assertEquals(Assert.java:639)
at TestFolder.Test1.foundThePassword(Test1.java:123)
at java.base/jdk.internal.reflect.NativeMethodAccessorImpl.invoke0(Native Method)
at java.base/jdk.internal.reflect.NativeMethodAccessorImpl.invoke(NativeMethodAccessorImpl.java:77)
at java.base/jdk.internal.reflect.DelegatingMethodAccessorImpl.invoke(DelegatingMethodAccessorImpl.java:43)
at java.base/java.lang.reflect.Method.invoke(Method.java:568)
at org.testng.internal.MethodInvocationHelper.invokeMethod(MethodInvocationHelper.java:133)
at org.testng.internal.TestInvoker.invokeMethod(TestInvoker.java:598)
at org.testng.internal.TestInvoker.invokeTestMethod(TestInvoker.java:173)
at org.testng.internal.MethodRunner.runInSequence(MethodRunner.java:46)
at org.testng.internal.TestInvoker$MethodInvocationAgent.invoke(TestInvoker.java:824)
at org.testng.internal.TestInvoker.invokeTestMethods(TestInvoker.java:146)
at org.testng.internal.TestMethodWorker.invokeTestMethods(TestMethodWorker.java:146)
at org.testng.internal.TestMethodWorker.run(TestMethodWorker.java:128)
at java.base/java.util.ArrayList.forEach(ArrayList.java:1511)
at org.testng.TestRunner.privateRun(TestRunner.java:794)
at org.testng.TestRunner.run(TestRunner.java:596)
at org.testng.SuiteRunner.runTest(SuiteRunner.java:377)
at org.testng.SuiteRunner.runSequentially(SuiteRunner.java:371)
at org.testng.SuiteRunner.privateRun(SuiteRunner.java:332)
at org.testng.SuiteRunner.run(SuiteRunner.java:276)
at org.testng.SuiteRunnerWorker.runSuite(SuiteRunnerWorker.java:53)
at org.testng.SuiteRunnerWorker.run(SuiteRunnerWorker.java:96)
at org.testng.TestNG.runSuitesSequentially(TestNG.java:1212)
at org.testng.TestNG.runSuitesLocally(TestNG.java:1134)
at org.testng.TestNG.runSuites(TestNG.java:1063)
at org.testng.TestNG.run(TestNG.java:1031)
at org.testng.remote.AbstractRemoteTestNG.run(AbstractRemoteTestNG.java:115)
at org.testng.remote.RemoteTestNG.initAndRun(RemoteTestNG.java:293)
at org.testng.remote.RemoteTestNG.main(RemoteTestNG.java:91)
]]>
            </full-stacktrace>
          </exception> <!-- java.lang.AssertionError -->
          <reporter-output>
          </reporter-output>
        </test-method> <!-- foundThePassword -->
        <test-method is-config="true" signature="tearDown()[pri:0, instance:TestFolder.Test1@1e0f9063]" started-at="2024-11-12T01:42:29 IST" name="tearDown" finished-at="2024-11-12T01:42:29 IST" duration-ms="474" status="PASS">
          <reporter-output>
          </reporter-output>
        </test-method> <!-- tearDown -->
        <test-method is-config="true" signature="setup()[pri:0, instance:TestFolder.Test1@1e0f9063]" started-at="2024-11-12T01:42:29 IST" name="setup" finished-at="2024-11-12T01:42:31 IST" duration-ms="1463" status="PASS">
          <reporter-output>
          </reporter-output>
        </test-method> <!-- setup -->
        <test-method signature="openGoogleTest()[pri:0, instance:TestFolder.Test1@1e0f9063]" started-at="2024-11-12T01:42:31 IST" name="openGoogleTest" finished-at="2024-11-12T01:42:33 IST" duration-ms="1900" status="PASS">
          <reporter-output>
          </reporter-output>
        </test-method> <!-- openGoogleTest -->
        <test-method is-config="true" signature="tearDown()[pri:0, instance:TestFolder.Test1@1e0f9063]" started-at="2024-11-12T01:42:33 IST" name="tearDown" finished-at="2024-11-12T01:42:33 IST" duration-ms="459" status="PASS">
          <reporter-output>
          </reporter-output>
        </test-method> <!-- tearDown -->
      </class> <!-- TestFolder.Test1 -->
      <class name="TestFolder.ExcelExampleTest">
        <test-method signature="testUsingExcel(java.lang.String,java.lang.String)[pri:0, instance:TestFolder.ExcelExampleTest@cd1d761]" started-at="2024-11-12T01:44:12 IST" name="testUsingExcel" data-provider="testData" finished-at="2024-11-12T01:44:12 IST" duration-ms="5" status="PASS">
          <params>
            <param index="0">
              <value>
                <![CDATA[testUser1]]>
              </value>
            </param>
            <param index="1">
              <value>
                <![CDATA[pass123]]>
              </value>
            </param>
          </params>
          <reporter-output>
          </reporter-output>
        </test-method> <!-- testUsingExcel -->
        <test-method signature="testUsingExcel(java.lang.String,java.lang.String)[pri:0, instance:TestFolder.ExcelExampleTest@cd1d761]" started-at="2024-11-12T01:44:12 IST" name="testUsingExcel" data-provider="testData" finished-at="2024-11-12T01:44:12 IST" duration-ms="4" status="PASS">
          <params>
            <param index="0">
              <value>
                <![CDATA[testUser2]]>
              </value>
            </param>
            <param index="1">
              <value>
                <![CDATA[pass456]]>
              </value>
            </param>
          </params>
          <reporter-output>
          </reporter-output>
        </test-method> <!-- testUsingExcel -->
        <test-method signature="testUsingExcel(java.lang.String,java.lang.String)[pri:0, instance:TestFolder.ExcelExampleTest@cd1d761]" started-at="2024-11-12T01:44:12 IST" name="testUsingExcel" data-provider="testData" finished-at="2024-11-12T01:44:12 IST" duration-ms="3" status="PASS">
          <params>
            <param index="0">
              <value>
                <![CDATA[testUser3]]>
              </value>
            </param>
            <param index="1">
              <value>
                <![CDATA[pass789]]>
              </value>
            </param>
          </params>
          <reporter-output>
          </reporter-output>
        </test-method> <!-- testUsingExcel -->
      </class> <!-- TestFolder.ExcelExampleTest -->
    </test> <!-- Test -->
  </suite> <!-- Suite -->
</testng-results>
